<?xml version="1.0" encoding="UTF-8"?>
<!-- Generated by org.testng.reporters.JUnitReportReporter -->
<testsuite hostname="DESKTOP-1E7MQ28" failures="0" tests="1" name="testcases.NotebookPageTest" time="5.519" errors="0" timestamp="2024-06-05T12:17:26 IST" skipped="0">
  <testcase classname="testcases.NotebookPageTest" name="computerTest" time="5.519"/>
  <system-out/>
</testsuite> <!-- testcases.NotebookPageTest -->
