<?xml version="1.0" encoding="UTF-8"?>
<!-- Generated by org.testng.reporters.JUnitReportReporter -->
<testsuite hostname="DESKTOP-1E7MQ28" failures="0" tests="1" name="testcases.MacbookTest" time="16.351" errors="0" timestamp="2024-06-04T12:22:57 IST" skipped="0">
  <testcase classname="testcases.MacbookTest" name="addProductToCart" time="16.351"/>
  <system-out/>
</testsuite> <!-- testcases.MacbookTest -->
