<?xml version="1.0" encoding="UTF-8"?>
<!-- Generated by org.testng.reporters.JUnitReportReporter -->
<testsuite hostname="DESKTOP-1E7MQ28" failures="0" tests="1" name="testcases.TC0001_sample" time="14.179" errors="0" timestamp="2024-05-21T13:17:37 IST" skipped="0">
  <testcase classname="testcases.TC0001_sample" name="test" time="14.179"/>
  <system-out/>
</testsuite> <!-- testcases.TC0001_sample -->
