<?xml version="1.0" encoding="UTF-8"?>
<!-- Generated by org.testng.reporters.JUnitReportReporter -->
<testsuite hostname="DESKTOP-1E7MQ28" failures="0" tests="2" name="testcases.ComputerPageTest" time="10.443" errors="0" timestamp="2024-06-05T12:17:26 IST" skipped="0">
  <testcase classname="testcases.ComputerPageTest" name="checkImageAndTextPresent" time="3.313"/>
  <system-out/>
  <testcase classname="testcases.ComputerPageTest" name="checkNavigation" time="7.130"/>
  <system-out/>
</testsuite> <!-- testcases.ComputerPageTest -->
