<?xml version="1.0" encoding="UTF-8"?>
<!-- Generated by org.testng.reporters.JUnitReportReporter -->
<testsuite hostname="DESKTOP-1E7MQ28" failures="0" tests="1" name="testcases.CheckoutPageTest" time="50.369" errors="0" timestamp="2024-05-31T18:46:32 IST" skipped="0">
  <testcase classname="testcases.CheckoutPageTest" name="completeOrder" time="50.369"/>
  <system-out/>
</testsuite> <!-- testcases.CheckoutPageTest -->
