<?xml version="1.0" encoding="UTF-8"?>
<!-- Generated by org.testng.reporters.JUnitReportReporter -->
<testsuite hostname="DESKTOP-1E7MQ28" failures="0" tests="4" name="testcases.ComputerPageTest" time="22.151" errors="0" timestamp="2024-06-04T18:41:29 IST" skipped="0">
  <testcase classname="testcases.ComputerPageTest" name="checkNavigation" time="7.337"/>
  <system-out/>
  <testcase classname="testcases.ComputerPageTest" name="checkImageAndTextPresent" time="3.796"/>
  <system-out/>
  <testcase classname="testcases.ComputerPageTest" name="checkNavigation" time="7.708"/>
  <system-out/>
  <testcase classname="testcases.ComputerPageTest" name="checkImageAndTextPresent" time="3.310"/>
  <system-out/>
</testsuite> <!-- testcases.ComputerPageTest -->
