<?xml version="1.0" encoding="UTF-8"?>
<!-- Generated by org.testng.reporters.JUnitReportReporter -->
<testsuite hostname="DESKTOP-1E7MQ28" failures="0" tests="2" name="testcases.NotebookPageTest" time="13.475" errors="0" timestamp="2024-06-04T18:41:29 IST" skipped="0">
  <testcase classname="testcases.NotebookPageTest" name="computerTest" time="7.942"/>
  <system-out/>
  <testcase classname="testcases.NotebookPageTest" name="computerTest" time="5.533"/>
  <system-out/>
</testsuite> <!-- testcases.NotebookPageTest -->
