<?xml version="1.0" encoding="UTF-8"?>
<!-- Generated by org.testng.reporters.JUnitReportReporter -->
<testsuite hostname="DESKTOP-1E7MQ28" failures="0" tests="4" name="testcases.LoginTest" time="17.675" errors="0" timestamp="2024-06-07T18:32:06 IST" skipped="0">
  <testcase classname="testcases.LoginTest" name="loginTest" time="5.016"/>
  <system-out/>
  <testcase classname="testcases.LoginTest" name="loginTest" time="4.221"/>
  <system-out/>
  <testcase classname="testcases.LoginTest" name="loginTest" time="4.180"/>
  <system-out/>
  <testcase classname="testcases.LoginTest" name="loginTest" time="4.258"/>
  <system-out/>
</testsuite> <!-- testcases.LoginTest -->
