<?xml version="1.0" encoding="UTF-8"?>
<!-- Generated by org.testng.reporters.JUnitReportReporter -->
<testsuite hostname="DESKTOP-1E7MQ28" failures="0" tests="1" name="testcases.LoginTest" time="5.121" errors="0" timestamp="2024-05-31T18:46:32 IST" skipped="0">
  <testcase classname="testcases.LoginTest" name="loginTestpostive" time="5.121"/>
  <system-out/>
</testsuite> <!-- testcases.LoginTest -->
